# JRE version: OpenJDK Runtime Environment Temurin-17.0.11+9 (17.0.11+9) (build 17.0.11+9)
# Java VM: OpenJDK 64-Bit Server VM Temurin-17.0.11+9 (17.0.11+9, mixed mode, emulated-client, tiered, compressed oops, compressed class ptrs, g1 gc, windows-amd64)
GC Precious Log:
 CPUs: 4 total, 4 available
 Memory: 8050M
 Large Page Support: Disabled
 NUMA Support: Disabled
 Compressed Oops: Enabled (32-bit)
 Heap Region Size: 1M
 Heap Min Capacity: 8M
 Heap Initial Capacity: 126M
 Heap Max Capacity: 1G
 Pre-touch: Disabled
 Parallel Workers: 4
 Concurrent Workers: 1
 Concurrent Refinement Workers: 4
 Periodic GC: Disabled
Heap:
 garbage-first heap   total 83968K, used 38315K [0x00000000c0000000, 0x0000000100000000)
  region size 1024K, 1 young (1024K), 0 survivors (0K)
 Metaspace       used 59772K, committed 60288K, reserved 1114112K
  class space    used 7507K, committed 7744K, reserved 1048576K
GC Heap History (20 events):
Event: 28152.712 GC heap before
{Heap before GC invocations=998 (full 972):
 garbage-first heap   total 83968K, used 38315K [0x00000000c0000000, 0x0000000100000000)
  region size 1024K, 1 young (1024K), 0 survivors (0K)
 Metaspace       used 59772K, committed 60288K, reserved 1114112K
  class space    used 7507K, committed 7744K, reserved 1048576K
}
Event: 28152.745 GC heap after
{Heap after GC invocations=999 (full 973):
 garbage-first heap   total 83968K, used 38315K [0x00000000c0000000, 0x0000000100000000)
  region size 1024K, 0 young (0K), 0 survivors (0K)
 Metaspace       used 59772K, committed 60288K, reserved 1114112K
  class space    used 7507K, committed 7744K, reserved 1048576K
}
Event: 28162.860 GC heap before
{Heap before GC invocations=999 (full 973):
 garbage-first heap   total 83968K, used 38315K [0x00000000c0000000, 0x0000000100000000)
  region size 1024K, 1 young (1024K), 0 survivors (0K)
 Metaspace       used 59772K, committed 60288K, reserved 1114112K
  class space    used 7507K, committed 7744K, reserved 1048576K
}
Event: 28162.896 GC heap after
{Heap after GC invocations=1000 (full 974):
 garbage-first heap   total 83968K, used 38315K [0x00000000c0000000, 0x0000000100000000)
  region size 1024K, 0 young (0K), 0 survivors (0K)
 Metaspace       used 59772K, committed 60288K, reserved 1114112K
  class space    used 7507K, committed 7744K, reserved 1048576K
}
Event: 28173.722 GC heap before
{Heap before GC invocations=1000 (full 974):
 garbage-first heap   total 83968K, used 38315K [0x00000000c0000000, 0x0000000100000000)
  region size 1024K, 1 young (1024K), 0 survivors (0K)
 Metaspace       used 59772K, committed 60288K, reserved 1114112K
  class space    used 7507K, committed 7744K, reserved 1048576K
}
Event: 28173.785 GC heap after
{Heap after GC invocations=1001 (full 975):
 garbage-first heap   total 83968K, used 38315K [0x00000000c0000000, 0x0000000100000000)
  region size 1024K, 0 young (0K), 0 survivors (0K)
 Metaspace       used 59772K, committed 60288K, reserved 1114112K
  class space    used 7507K, committed 7744K, reserved 1048576K
}
Event: 28234.487 GC heap before
{Heap before GC invocations=1001 (full 975):
 garbage-first heap   total 83968K, used 38315K [0x00000000c0000000, 0x0000000100000000)
  region size 1024K, 1 young (1024K), 0 survivors (0K)
 Metaspace       used 59772K, committed 60288K, reserved 1114112K
  class space    used 7507K, committed 7744K, reserved 1048576K
}
Event: 28235.624 GC heap after
{Heap after GC invocations=1002 (full 976):
 garbage-first heap   total 83968K, used 38316K [0x00000000c0000000, 0x0000000100000000)
  region size 1024K, 0 young (0K), 0 survivors (0K)
 Metaspace       used 59772K, committed 60288K, reserved 1114112K
  class space    used 7507K, committed 7744K, reserved 1048576K
}
Event: 28246.324 GC heap before
{Heap before GC invocations=1002 (full 976):
 garbage-first heap   total 83968K, used 38316K [0x00000000c0000000, 0x0000000100000000)
  region size 1024K, 1 young (1024K), 0 survivors (0K)
 Metaspace       used 59772K, committed 60288K, reserved 1114112K
  class space    used 7507K, committed 7744K, reserved 1048576K
}
Event: 28246.397 GC heap after
{Heap after GC invocations=1003 (full 977):
 garbage-first heap   total 83968K, used 38316K [0x00000000c0000000, 0x0000000100000000)
  region size 1024K, 0 young (0K), 0 survivors (0K)
 Metaspace       used 59772K, committed 60288K, reserved 1114112K
  class space    used 7507K, committed 7744K, reserved 1048576K
}
Event: 28256.744 GC heap before
{Heap before GC invocations=1003 (full 977):
 garbage-first heap   total 83968K, used 38316K [0x00000000c0000000, 0x0000000100000000)
  region size 1024K, 1 young (1024K), 0 survivors (0K)
 Metaspace       used 59772K, committed 60288K, reserved 1114112K
  class space    used 7507K, committed 7744K, reserved 1048576K
}
Event: 28256.802 GC heap after
{Heap after GC invocations=1004 (full 978):
 garbage-first heap   total 83968K, used 38315K [0x00000000c0000000, 0x0000000100000000)
  region size 1024K, 0 young (0K), 0 survivors (0K)
 Metaspace       used 59772K, committed 60288K, reserved 1114112K
  class space    used 7507K, committed 7744K, reserved 1048576K
}
Event: 28297.229 GC heap before
{Heap before GC invocations=1004 (full 978):
 garbage-first heap   total 83968K, used 38315K [0x00000000c0000000, 0x0000000100000000)
  region size 1024K, 1 young (1024K), 0 survivors (0K)
 Metaspace       used 59772K, committed 60288K, reserved 1114112K
  class space    used 7507K, committed 7744K, reserved 1048576K
}
Event: 28297.679 GC heap after
{Heap after GC invocations=1005 (full 979):
 garbage-first heap   total 83968K, used 38315K [0x00000000c0000000, 0x0000000100000000)
  region size 1024K, 0 young (0K), 0 survivors (0K)
 Metaspace       used 59772K, committed 60288K, reserved 1114112K
  class space    used 7507K, committed 7744K, reserved 1048576K
}
Event: 28349.685 GC heap before
{Heap before GC invocations=1005 (full 979):
 garbage-first heap   total 83968K, used 38315K [0x00000000c0000000, 0x0000000100000000)
  region size 1024K, 2 young (2048K), 0 survivors (0K)
 Metaspace       used 59772K, committed 60288K, reserved 1114112K
  class space    used 7507K, committed 7744K, reserved 1048576K
}
Event: 28350.328 GC heap after
{Heap after GC invocations=1006 (full 980):
 garbage-first heap   total 83968K, used 38316K [0x00000000c0000000, 0x0000000100000000)
  region size 1024K, 0 young (0K), 0 survivors (0K)
 Metaspace       used 59772K, committed 60288K, reserved 1114112K
  class space    used 7507K, committed 7744K, reserved 1048576K
}
Event: 28361.333 GC heap before
{Heap before GC invocations=1006 (full 980):
 garbage-first heap   total 83968K, used 38316K [0x00000000c0000000, 0x0000000100000000)
  region size 1024K, 1 young (1024K), 0 survivors (0K)
 Metaspace       used 59772K, committed 60288K, reserved 1114112K
  class space    used 7507K, committed 7744K, reserved 1048576K
}
Event: 28361.389 GC heap after
{Heap after GC invocations=1007 (full 981):
 garbage-first heap   total 83968K, used 38316K [0x00000000c0000000, 0x0000000100000000)
  region size 1024K, 0 young (0K), 0 survivors (0K)
 Metaspace       used 59772K, committed 60288K, reserved 1114112K
  class space    used 7507K, committed 7744K, reserved 1048576K
}
Event: 28562.761 GC heap before
{Heap before GC invocations=1007 (full 981):
 garbage-first heap   total 83968K, used 42412K [0x00000000c0000000, 0x0000000100000000)
  region size 1024K, 5 young (5120K), 0 survivors (0K)
 Metaspace       used 59772K, committed 60288K, reserved 1114112K
  class space    used 7507K, committed 7744K, reserved 1048576K
}
Event: 28563.521 GC heap after
{Heap after GC invocations=1008 (full 982):
 garbage-first heap   total 83968K, used 38315K [0x00000000c0000000, 0x0000000100000000)
  region size 1024K, 0 young (0K), 0 survivors (0K)
 Metaspace       used 59772K, committed 60288K, reserved 1114112K
  class space    used 7507K, committed 7744K, reserved 1048576K
}

